<?xml version="1.0" encoding="UTF-8"?>
<!-- Generated by org.testng.reporters.JUnitReportReporter -->
<testsuite skipped="0" hostname="D46013M2" name="com.organization.EmployeeApplicationTests" tests="32" failures="0" timestamp="2019-11-04T17:05:44 IST" time="1.077" errors="0">
  <testcase name="testUpdateEmployeeDetailsForReplaceTrueEmpNameNull" time="0.015" classname="com.organization.EmployeeApplicationTests"/>
  <testcase name="TestForDeletingDirectorWithSubordinates" time="0.013" classname="com.organization.EmployeeApplicationTests"/>
  <testcase name="testGetEmployeeByIdForInvalidEmployeeId" time="0.006" classname="com.organization.EmployeeApplicationTests"/>
  <testcase name="testDeleteEmployeeByIdWithSubordinates" time="0.039" classname="com.organization.EmployeeApplicationTests"/>
  <testcase name="testUpdateEmployeeDetailsForValidEmployeeId" time="0.014" classname="com.organization.EmployeeApplicationTests"/>
  <testcase name="testUpdateEmployeeDetailsForReplaceFalseManagerIdWithSameOrLowerDesignation" time="0.024" classname="com.organization.EmployeeApplicationTests"/>
  <testcase name="TestForAddEmployeeForAddingFirstEmployeeWithManagerId" time="0.049" classname="com.organization.EmployeeApplicationTests"/>
  <testcase name="testUpdateEmployeeDetailsForReplaceTrueJobTitleNull" time="0.020" classname="com.organization.EmployeeApplicationTests"/>
  <testcase name="TestForAddEmployeeForNullEmployeeName" time="0.007" classname="com.organization.EmployeeApplicationTests"/>
  <testcase name="testGetEmployeeByForEmployeeIdNotPresent" time="0.010" classname="com.organization.EmployeeApplicationTests"/>
  <testcase name="TestForAddEmployeeForNullJobTile" time="0.009" classname="com.organization.EmployeeApplicationTests"/>
  <testcase name="getAllEmployeeStatusTest" time="0.014" classname="com.organization.EmployeeApplicationTests"/>
  <testcase name="testUpdateEmployeeDetailsForReplaceFalse" time="0.032" classname="com.organization.EmployeeApplicationTests"/>
  <testcase name="testUpdateEmployeeDetailsForReplaceFalseInvalidJobTitle" time="0.018" classname="com.organization.EmployeeApplicationTests"/>
  <testcase name="testUpdateEmployeeDetailsForReplaceFalseInvalidManagerId" time="0.018" classname="com.organization.EmployeeApplicationTests"/>
  <testcase name="TestForAddEmployeeForAddingFirstEmployeeWithNullManagerId" time="0.027" classname="com.organization.EmployeeApplicationTests"/>
  <testcase name="TestForAddEmployeeForAddingEmployeeWithHigherOrEqualDesgnLevel" time="0.025" classname="com.organization.EmployeeApplicationTests"/>
  <testcase name="testDeleteEmployeeByIdForEmployeeIdNotPresent" time="0.008" classname="com.organization.EmployeeApplicationTests"/>
  <testcase name="getAllEmployeeNullTest" time="0.018" classname="com.organization.EmployeeApplicationTests"/>
  <testcase name="testUpdateEmployeeDetailsForEmployeeIdNotPresent" time="0.012" classname="com.organization.EmployeeApplicationTests"/>
  <testcase name="TestForAddEmployeeForNullManagerId" time="0.020" classname="com.organization.EmployeeApplicationTests"/>
  <testcase name="TestForAddEmployee" time="0.449" classname="com.organization.EmployeeApplicationTests"/>
  <testcase name="TestForAddEmployeeForInValidDesignation" time="0.010" classname="com.organization.EmployeeApplicationTests"/>
  <testcase name="testGetEmployeeById" time="0.017" classname="com.organization.EmployeeApplicationTests"/>
  <testcase name="testUpdateEmployeeDetailsForReplaceTrue" time="0.029" classname="com.organization.EmployeeApplicationTests"/>
  <testcase name="TestForDeletingDirectorWithoutSubordinates" time="0.035" classname="com.organization.EmployeeApplicationTests"/>
  <testcase name="testDeleteEmployeeByIdForInvalidNegativeEmployeeId" time="0.006" classname="com.organization.EmployeeApplicationTests"/>
  <testcase name="testUpdateEmployeeDetailsForReplaceTrueDesignationHighLow" time="0.022" classname="com.organization.EmployeeApplicationTests"/>
  <testcase name="TestForAddEmployeeForAddingAnotherDirector" time="0.028" classname="com.organization.EmployeeApplicationTests"/>
  <testcase name="getAllEmployeeTest" time="0.039" classname="com.organization.EmployeeApplicationTests"/>
  <testcase name="testDeleteEmployeeByIdWithNoSubordinates" time="0.018" classname="com.organization.EmployeeApplicationTests"/>
  <testcase name="testUpdateEmployeeDetailsForReplaceFalseJobTitleHighOrLow" time="0.026" classname="com.organization.EmployeeApplicationTests"/>
</testsuite> <!-- com.organization.EmployeeApplicationTests -->
